Arguments: 
  /usr/local/bin/node /usr/local/bin/yarn start

PATH: 
  /Users/amendes/.rvm/gems/ruby-2.4.1/bin:/Users/amendes/.rvm/gems/ruby-2.4.1@global/bin:/Users/amendes/.rvm/rubies/ruby-2.4.1/bin:/Users/amendes/.rvm/bin:/usr/local/bin:/usr/bin:/bin:/usr/sbin:/sbin

Yarn version: 
  1.5.1

Node version: 
  8.4.0

Platform: 
  darwin x64

npm manifest: 
  {
    "name": "staw",
    "version": "0.0.7",
    "main": "dist/index.js",
    "license": "MIT",
    "author": "iq360",
    "repository": {
      "type": "git",
      "url": "git+https://github.com/IQ-tech/staw.git"
    },
    "bugs": {
      "url": "https://github.com/IQ-tech/staw/issues"
    },
    "scripts": {
      "build": "npx webpack"
    },
    "homepage": "https://github.com/IQ-tech/staw#readme",
    "peerDependencies": {
      "react": "^16.0.0",
      "react-dom": "^16.0.0",
      "recompose": "^0.26.0"
    },
    "devDependencies": {
      "babel-core": "^6.26.0",
      "babel-loader": "^7.1.3",
      "babel-plugin-transform-object-rest-spread": "^6.26.0",
      "babel-plugin-transform-react-jsx": "^6.24.1",
      "babel-preset-env": "^1.6.1",
      "babel-preset-react": "^6.24.1",
      "css-loader": "^0.28.10",
      "css-mqpacker": "^6.0.2",
      "extract-text-webpack-plugin": "^3.0.2",
      "poststylus": "^1.0.0",
      "rucksack-css": "^1.0.2",
      "rupture": "^0.7.1",
      "style-loader": "^0.20.2",
      "stylus": "^0.54.5",
      "stylus-loader": "^3.0.2",
      "webpack": "^3.7.0"
    },
    "dependencies": {
      "react": "^16.0.0",
      "react-dom": "^16.0.0",
      "recompose": "^0.26.0"
    }
  }

yarn manifest: 
  No manifest

Lockfile: 
  No lockfile

Trace: 
  Error: Command "start" not found.
      at new MessageError (/usr/local/lib/node_modules/yarn/lib/cli.js:186:110)
      at /usr/local/lib/node_modules/yarn/lib/cli.js:87307:17
      at Generator.next (<anonymous>)
      at step (/usr/local/lib/node_modules/yarn/lib/cli.js:98:30)
      at /usr/local/lib/node_modules/yarn/lib/cli.js:116:14
      at Promise (<anonymous>)
      at F (/usr/local/lib/node_modules/yarn/lib/cli.js:23451:28)
      at /usr/local/lib/node_modules/yarn/lib/cli.js:95:12
      at runCommand (/usr/local/lib/node_modules/yarn/lib/cli.js:87312:22)
      at Object.<anonymous> (/usr/local/lib/node_modules/yarn/lib/cli.js:87412:14)
